[2020-02-13 19:06:16,044][WARNING|app.py:21] >> @@@ start @@@
[2020-02-13 19:06:48,813][WARNING|app.py:32] >> @@@ exists column 수원 1주새 2% 넘게 치솟아…서울 노·도·강 불안한 흐름 - 한겨레
[2020-02-13 19:06:48,823][WARNING|app.py:32] >> @@@ exists column '5·18 시민군 명예훼손' 지만원, 4년 만에 징역 2년 실형 - JTBC
[2020-02-13 19:06:48,825][WARNING|app.py:32] >> @@@ exists column 한국당, 나경원·신상진·오세훈·허용범 공천 확정 - 조선일보
[2020-02-13 19:06:48,826][WARNING|app.py:32] >> @@@ exists column 국회, 감염병 법안 `뒷북 발의` - 매일경제 - 매일경제
[2020-02-13 19:06:48,827][WARNING|app.py:32] >> @@@ exists column '태극기 꽂힌' 일본 크루즈선, 한국인 탑승객들 비스토리 - 한겨레
[2020-02-13 19:06:48,827][WARNING|app.py:32] >> @@@ exists column 중국의 코로나19 통계를 믿을 수 있나… 진단기준 바꾸자 확진자 9배 증가 - 국민일보
[2020-02-13 19:06:48,835][WARNING|app.py:30] >> @@@ add column "日도 수사·기소 따로" 추미애 발언, 대검이 확인해보니 "틀렸다" - 중앙일보 - 중앙일보
[2020-02-13 19:06:48,841][WARNING|app.py:30] >> @@@ add column 뉴스타파 “이재용 프로포폴 의혹”… 삼성 “불법투약 안해, 법적대응 검토” - 동아일보
[2020-02-13 19:06:48,854][WARNING|app.py:30] >> @@@ add column 대법, '댓글조작' 드루킹 실형 확정..."김경수 공모 여부와 무관" - YTN
[2020-02-13 19:06:48,864][WARNING|app.py:30] >> @@@ add column 국방어학원서 첫날밤 보낸 우한교민, 건강 이상 없어…쪽지로 대화 - 뉴스1
[2020-02-14 12:43:50,852][WARNING|app.py:21] >> @@@ start @@@
[2020-02-14 12:43:57,333][WARNING|app.py:30] >> @@@ add column 진중권 "문빠들이 또 임미리 신상 턴다···'文주주의' 소통법" - 중앙일보 - 중앙일보
[2020-02-14 12:43:57,341][WARNING|app.py:30] >> @@@ add column [연합시론] 재판개입도 무죄…법원 `제식구 감싸기` 비난 감당할 수 있겠나 - 매일경제 - 매일경제
[2020-02-14 12:43:57,348][WARNING|app.py:30] >> @@@ add column “손님 적어 편하시겠네” 정 총리…“분위기 띄우려” 해명 - 한겨레
[2020-02-14 12:43:57,352][WARNING|app.py:32] >> @@@ exists column '총선에서 여당 승리해야' 43%, '야당 승리해야' 45%…한국갤럽 여론조사 - 경향신문
[2020-02-14 12:43:57,363][WARNING|app.py:30] >> @@@ add column "아이돌학교도 조작"...경찰, 제작진 2명 영장 신청 - YTN
[2020-02-14 12:43:57,369][WARNING|app.py:30] >> @@@ add column "자발적 댓글 공작" 주장 조현오, 징역 2년 법정구속 / SBS - SBS 뉴스
[2020-02-14 12:43:57,371][WARNING|app.py:34] >> @@@ error (1406, "Data too long for column 'description' at row 1") @@@
[2020-02-14 12:49:12,833][WARNING|app.py:21] >> @@@ start @@@
[2020-02-14 12:49:20,159][WARNING|app.py:32] >> @@@ exists column 진중권 "문빠들이 또 임미리 신상 턴다···'文주주의' 소통법" - 중앙일보 - 중앙일보
[2020-02-14 12:49:20,159][WARNING|app.py:32] >> @@@ exists column ‘사법농단’ 연루 판사 또 무죄…1심 “비밀 누설 아냐” - 경향신문
[2020-02-14 12:49:20,160][WARNING|app.py:32] >> @@@ exists column “손님 적어 편하시겠네” 정 총리…“분위기 띄우려” 해명 - 한겨레
[2020-02-14 12:49:20,175][WARNING|app.py:30] >> @@@ add column 아이돌학교도 투표 조작 정황…제작진 2명 구속영장 / SBS - SBS 뉴스
[2020-02-14 12:49:20,183][WARNING|app.py:30] >> @@@ add column '3당 합당' 민주통합당 17일 출범…손학규·최경환·정동영 대표 - 중앙일보 - 중앙일보
[2020-02-14 12:49:20,190][WARNING|app.py:30] >> @@@ add column [날씨] 주말, 초미세먼지 비상...휴일, 강추위에 눈까지 / YTN - YTN NEWS
[2020-02-14 12:49:20,206][WARNING|app.py:30] >> @@@ add column 조선일보 ‘이재용 프로포폴’ 지면엔 없고, 온라인은 삭제 흔적 - 미디어오늘
[2020-02-14 12:49:20,207][WARNING|app.py:32] >> @@@ exists column "'트랜스 여성'은 여성 아니다"···급진적 여성주의자 '터프'들은 누구인가 - 경향신문
[2020-02-14 12:49:20,224][WARNING|app.py:30] >> @@@ add column [속보]'댓글공작' 조현오 전 경찰청장 1심 징역 2년 선고 - 한겨레
[2020-02-14 12:49:20,232][WARNING|app.py:30] >> @@@ add column 추미애, 21일 전국 검사장 불러 모은다…윤석열은 불참 통보 - 동아일보
[2020-02-14 12:59:20,289][WARNING|app.py:21] >> @@@ start @@@
[2020-02-14 12:59:26,965][WARNING|app.py:32] >> @@@ exists column 진중권 "문빠들이 또 임미리 신상 턴다···'文주주의' 소통법" - 중앙일보 - 중앙일보
[2020-02-14 12:59:26,973][WARNING|app.py:30] >> @@@ add column '재판 개입' 위헌이지만 단죄 못한다는 법원 - 한겨레
[2020-02-14 12:59:26,985][WARNING|app.py:30] >> @@@ add column "요새 손님 적어 편하시겠다" 상인 위로하러 갔다가 도마 위에 오른 정세균 총리 (현장영상) / SBS - SBS 뉴스
[2020-02-14 12:59:26,994][WARNING|app.py:30] >> @@@ add column “우한폐렴 막아라” 中 광저우 ‘외식 금지령’ - 뉴스플러스
[2020-02-14 12:59:26,996][WARNING|app.py:32] >> @@@ exists column "아이돌학교도 조작"...경찰, 제작진 2명 영장 신청 - YTN
[2020-02-14 12:59:27,006][WARNING|app.py:30] >> @@@ add column [단독]손학규 “노욕 대명사 됐지만 도로호남당은 막아야” - 중앙일보 - 중앙일보
[2020-02-14 12:59:27,008][WARNING|app.py:32] >> @@@ exists column 조선일보 ‘이재용 프로포폴’ 지면엔 없고, 온라인은 삭제 흔적 - 미디어오늘
[2020-02-14 12:59:27,010][WARNING|app.py:32] >> @@@ exists column [속보]'댓글공작' 조현오 전 경찰청장 1심 징역 2년 선고 - 한겨레
[2020-02-14 12:59:27,013][WARNING|app.py:32] >> @@@ exists column 추미애, 21일 전국 검사장 불러 모은다…윤석열은 불참 통보 - 동아일보
[2020-02-14 12:59:27,031][WARNING|app.py:30] >> @@@ add column 장기표 등 시민단체 인사들, 통합신당준비위서 전원 사퇴… 지도부 구성 불만인 듯 - 조선일보
[2020-02-14 13:09:20,289][WARNING|app.py:21] >> @@@ start @@@
[2020-02-14 13:09:27,510][WARNING|app.py:32] >> @@@ exists column 진중권 "문빠들이 또 임미리 신상 턴다···'文주주의' 소통법" - 중앙일보 - 중앙일보
[2020-02-14 13:09:27,510][WARNING|app.py:32] >> @@@ exists column ‘사법농단’ 연루 판사 또 무죄…1심 “비밀 누설 아냐” - 경향신문
[2020-02-14 13:09:27,513][WARNING|app.py:32] >> @@@ exists column “손님 적어 편하시겠네” 정 총리…“분위기 띄우려” 해명 - 한겨레
[2020-02-14 13:09:27,515][WARNING|app.py:32] >> @@@ exists column 아이돌학교도 투표 조작 정황…제작진 2명 구속영장 / SBS - SBS 뉴스
[2020-02-14 13:09:27,517][WARNING|app.py:32] >> @@@ exists column '3당 합당' 민주통합당 17일 출범…손학규·최경환·정동영 대표 - 중앙일보 - 중앙일보
[2020-02-14 13:09:27,543][WARNING|app.py:30] >> @@@ add column 서울·경기, 15일 종일 초미세먼지 '매우 나쁨' / JTBC 뉴스룸 - JTBC News
[2020-02-14 13:09:27,588][WARNING|app.py:30] >> @@@ add column 이재용 '프로포폴 투약 의혹', 원장-간호조무사 녹취록 공개 - 한겨레
[2020-02-14 13:09:27,637][WARNING|app.py:30] >> @@@ add column '댓글공작' 조현오 전 청장 1심 징역 2년…'법정구속' - 노컷뉴스
[2020-02-14 13:09:27,668][WARNING|app.py:30] >> @@@ add column 추미애, 21일 검사장 회의 열어…윤석열 불참 : 사회일반 : 사회 : 뉴스 - 한겨레
[2020-02-14 13:09:27,706][WARNING|app.py:30] >> @@@ add column [속보]‘비선실세’ 최서원, 파기환송심에서 징역 18년·벌금 200억원 선고 - 뉴스플러스
[2020-02-14 13:19:20,305][WARNING|app.py:21] >> @@@ start @@@
[2020-02-14 13:19:27,002][WARNING|app.py:32] >> @@@ exists column 진중권 "문빠들이 또 임미리 신상 턴다···'文주주의' 소통법" - 중앙일보 - 중앙일보
[2020-02-14 13:19:27,014][WARNING|app.py:32] >> @@@ exists column '재판 개입' 위헌이지만 단죄 못한다는 법원 - 한겨레
[2020-02-14 13:19:27,021][WARNING|app.py:32] >> @@@ exists column "요새 손님 적어 편하시겠다" 상인 위로하러 갔다가 도마 위에 오른 정세균 총리 (현장영상) / SBS - SBS 뉴스
[2020-02-14 13:19:27,023][WARNING|app.py:32] >> @@@ exists column “우한폐렴 막아라” 中 광저우 ‘외식 금지령’ - 뉴스플러스
[2020-02-14 13:19:27,028][WARNING|app.py:32] >> @@@ exists column "아이돌학교도 조작"...경찰, 제작진 2명 영장 신청 - YTN
[2020-02-14 13:19:27,037][WARNING|app.py:30] >> @@@ add column "7일뒤 기숙사 나가라" 中유학생 격리 두고 난감한 대학가 - 중앙일보 - 중앙일보
[2020-02-14 13:19:27,039][WARNING|app.py:32] >> @@@ exists column 이재용 '프로포폴 투약 의혹', 원장-간호조무사 녹취록 공개 - 한겨레
[2020-02-14 13:19:27,051][WARNING|app.py:30] >> @@@ add column 환경부 '15일 서울·경기 등 5개 시·도 초미세먼지 위기경보 발령' - 서울경제 - 서울경제신문
[2020-02-14 13:19:27,055][WARNING|app.py:32] >> @@@ exists column '3당 합당' 민주통합당 17일 출범…손학규·최경환·정동영 대표 - 중앙일보 - 중앙일보
[2020-02-14 13:19:27,057][WARNING|app.py:32] >> @@@ exists column [속보]'댓글공작' 조현오 전 경찰청장 1심 징역 2년 선고 - 한겨레
[2020-02-14 13:29:20,301][WARNING|app.py:21] >> @@@ start @@@
[2020-02-14 13:29:27,331][WARNING|app.py:32] >> @@@ exists column 진중권 "문빠들이 또 임미리 신상 턴다···'文주주의' 소통법" - 중앙일보 - 중앙일보
[2020-02-14 13:29:27,332][WARNING|app.py:32] >> @@@ exists column '재판 개입' 위헌이지만 단죄 못한다는 법원 - 한겨레
[2020-02-14 13:29:27,333][WARNING|app.py:32] >> @@@ exists column "요새 손님 적어 편하시겠다" 상인 위로하러 갔다가 도마 위에 오른 정세균 총리 (현장영상) / SBS - SBS 뉴스
[2020-02-14 13:29:27,344][WARNING|app.py:30] >> @@@ add column '프듀'에 이어 '아이돌 학교'도 조작 의혹…구속 여부 오는 17일 나온다 - 경향신문
[2020-02-14 13:29:27,345][WARNING|app.py:32] >> @@@ exists column '3당 합당' 민주통합당 17일 출범…손학규·최경환·정동영 대표 - 중앙일보 - 중앙일보
[2020-02-14 13:29:27,347][WARNING|app.py:32] >> @@@ exists column 서울·경기, 15일 종일 초미세먼지 '매우 나쁨' / JTBC 뉴스룸 - JTBC News
[2020-02-14 13:29:27,349][WARNING|app.py:32] >> @@@ exists column 조선일보 ‘이재용 프로포폴’ 지면엔 없고, 온라인은 삭제 흔적 - 미디어오늘
[2020-02-14 13:29:27,350][WARNING|app.py:32] >> @@@ exists column [속보]'댓글공작' 조현오 전 경찰청장 1심 징역 2년 선고 - 한겨레
[2020-02-14 13:29:27,357][WARNING|app.py:30] >> @@@ add column 윤석열, 오늘 취임 후 첫 전국 검찰청 방문...'조직 추스르기' 눈길 / YTN - YTN NEWS
[2020-02-14 13:29:27,359][WARNING|app.py:32] >> @@@ exists column 최서원, 파기환송심에서 징역 18년·벌금 200억원 선고 - 조선일보
[2020-02-14 13:39:20,303][WARNING|app.py:21] >> @@@ start @@@
[2020-02-14 13:39:27,868][WARNING|app.py:32] >> @@@ exists column 진중권 "문빠들이 또 임미리 신상 턴다···'文주주의' 소통법" - 중앙일보 - 중앙일보
[2020-02-14 13:39:27,871][WARNING|app.py:32] >> @@@ exists column '재판 개입' 위헌이지만 단죄 못한다는 법원 - 한겨레
[2020-02-14 13:39:27,873][WARNING|app.py:32] >> @@@ exists column "요새 손님 적어 편하시겠다" 상인 위로하러 갔다가 도마 위에 오른 정세균 총리 (현장영상) / SBS - SBS 뉴스
[2020-02-14 13:39:27,875][WARNING|app.py:32] >> @@@ exists column '프듀'에 이어 '아이돌 학교'도 조작 의혹…구속 여부 오는 17일 나온다 - 경향신문
[2020-02-14 13:39:27,877][WARNING|app.py:32] >> @@@ exists column '3당 합당' 민주통합당 17일 출범…손학규·최경환·정동영 대표 - 중앙일보 - 중앙일보
[2020-02-14 13:39:27,878][WARNING|app.py:32] >> @@@ exists column "7일뒤 기숙사 나가라" 中유학생 격리 두고 난감한 대학가 - 중앙일보 - 중앙일보
[2020-02-14 13:39:27,881][WARNING|app.py:32] >> @@@ exists column 조선일보 ‘이재용 프로포폴’ 지면엔 없고, 온라인은 삭제 흔적 - 미디어오늘
[2020-02-14 13:39:27,883][WARNING|app.py:32] >> @@@ exists column [속보]'댓글공작' 조현오 전 경찰청장 1심 징역 2년 선고 - 한겨레
[2020-02-14 13:39:27,885][WARNING|app.py:32] >> @@@ exists column 윤석열, 오늘 취임 후 첫 전국 검찰청 방문...'조직 추스르기' 눈길 / YTN - YTN NEWS
[2020-02-14 13:39:27,950][WARNING|app.py:30] >> @@@ add column [속보] '국정농단' 최서원, 파기환송심서 징역 18년 선고 - 한겨레
[2020-02-14 13:49:20,313][WARNING|app.py:21] >> @@@ start @@@
[2020-02-14 13:49:27,270][WARNING|app.py:32] >> @@@ exists column '재판 개입' 위헌이지만 단죄 못한다는 법원 - 한겨레
[2020-02-14 13:49:27,273][WARNING|app.py:32] >> @@@ exists column "요새 손님 적어 편하시겠다" 상인 위로하러 갔다가 도마 위에 오른 정세균 총리 (현장영상) / SBS - SBS 뉴스
[2020-02-14 13:49:27,279][WARNING|app.py:30] >> @@@ add column 아산·진천 격리 교민 중 1차 366명 내일 퇴소 모두 음성(종합2보) - 매일경제 - 매일경제
[2020-02-14 13:49:27,289][WARNING|app.py:30] >> @@@ add column [종합] '프듀'→'아이돌학교'도 제작진 구속영장…Mnet "수사 적극 협조" - 조선일보
[2020-02-14 13:49:27,293][WARNING|app.py:32] >> @@@ exists column “우한폐렴 막아라” 中 광저우 ‘외식 금지령’ - 뉴스플러스
[2020-02-14 13:49:27,295][WARNING|app.py:32] >> @@@ exists column '3당 합당' 민주통합당 17일 출범…손학규·최경환·정동영 대표 - 중앙일보 - 중앙일보
[2020-02-14 13:49:27,303][WARNING|app.py:30] >> @@@ add column 이재용 '프로포폴' 투약 의혹...SNS 대화 내용 보니? - YTN
[2020-02-14 13:49:27,315][WARNING|app.py:32] >> @@@ exists column "7일뒤 기숙사 나가라" 中유학생 격리 두고 난감한 대학가 - 중앙일보 - 중앙일보
[2020-02-14 13:49:27,337][WARNING|app.py:30] >> @@@ add column 安캠프출신 공개에 신상털리는 임교수…檢고발 취하 후폭풍 - 매일경제 - 매일경제
[2020-02-14 13:49:27,339][WARNING|app.py:32] >> @@@ exists column [속보]'댓글공작' 조현오 전 경찰청장 1심 징역 2년 선고 - 한겨레
[2020-02-14 13:59:20,429][WARNING|app.py:21] >> @@@ start @@@
[2020-02-14 13:59:27,793][WARNING|app.py:32] >> @@@ exists column 진중권 "문빠들이 또 임미리 신상 턴다···'文주주의' 소통법" - 중앙일보 - 중앙일보
[2020-02-14 13:59:27,795][WARNING|app.py:32] >> @@@ exists column '재판 개입' 위헌이지만 단죄 못한다는 법원 - 한겨레
[2020-02-14 13:59:27,797][WARNING|app.py:32] >> @@@ exists column "요새 손님 적어 편하시겠다" 상인 위로하러 갔다가 도마 위에 오른 정세균 총리 (현장영상) / SBS - SBS 뉴스
[2020-02-14 13:59:27,803][WARNING|app.py:30] >> @@@ add column 격리 보름 만에...1·2차 이송 우한교민 차례로 퇴소 - YTN
[2020-02-14 13:59:27,805][WARNING|app.py:32] >> @@@ exists column '프듀'에 이어 '아이돌 학교'도 조작 의혹…구속 여부 오는 17일 나온다 - 경향신문
[2020-02-14 13:59:27,806][WARNING|app.py:32] >> @@@ exists column '3당 합당' 민주통합당 17일 출범…손학규·최경환·정동영 대표 - 중앙일보 - 중앙일보
[2020-02-14 13:59:27,808][WARNING|app.py:32] >> @@@ exists column 조선일보 ‘이재용 프로포폴’ 지면엔 없고, 온라인은 삭제 흔적 - 미디어오늘
[2020-02-14 13:59:27,809][WARNING|app.py:32] >> @@@ exists column "7일뒤 기숙사 나가라" 中유학생 격리 두고 난감한 대학가 - 중앙일보 - 중앙일보
[2020-02-14 13:59:27,816][WARNING|app.py:32] >> @@@ exists column [속보]'댓글공작' 조현오 전 경찰청장 1심 징역 2년 선고 - 한겨레
[2020-02-14 13:59:27,819][WARNING|app.py:32] >> @@@ exists column [속보] '국정농단' 최서원, 파기환송심서 징역 18년 선고 - 한겨레
[2020-02-14 14:09:20,307][WARNING|app.py:21] >> @@@ start @@@
[2020-02-14 14:09:28,771][WARNING|app.py:32] >> @@@ exists column 진중권 "문빠들이 또 임미리 신상 턴다···'文주주의' 소통법" - 중앙일보 - 중앙일보
[2020-02-14 14:09:28,772][WARNING|app.py:32] >> @@@ exists column ‘사법농단’ 연루 판사 또 무죄…1심 “비밀 누설 아냐” - 경향신문
[2020-02-14 14:09:28,772][WARNING|app.py:32] >> @@@ exists column “손님 적어 편하시겠네” 정 총리…“분위기 띄우려” 해명 - 한겨레
[2020-02-14 14:09:28,779][WARNING|app.py:30] >> @@@ add column '격리 해제' 1차 이송 우한교민, 퇴소 준비하며 한 말 - YTN
[2020-02-14 14:09:28,780][WARNING|app.py:32] >> @@@ exists column 아이돌학교도 투표 조작 정황…제작진 2명 구속영장 / SBS - SBS 뉴스
[2020-02-14 14:09:28,781][WARNING|app.py:32] >> @@@ exists column '3당 합당' 민주통합당 17일 출범…손학규·최경환·정동영 대표 - 중앙일보 - 중앙일보
[2020-02-14 14:09:28,782][WARNING|app.py:32] >> @@@ exists column 조선일보 ‘이재용 프로포폴’ 지면엔 없고, 온라인은 삭제 흔적 - 미디어오늘
[2020-02-14 14:09:28,783][WARNING|app.py:32] >> @@@ exists column "7일뒤 기숙사 나가라" 中유학생 격리 두고 난감한 대학가 - 중앙일보 - 중앙일보
[2020-02-14 14:09:28,783][WARNING|app.py:32] >> @@@ exists column "'트랜스 여성'은 여성 아니다"···급진적 여성주의자 '터프'들은 누구인가 - 경향신문
[2020-02-14 14:09:28,784][WARNING|app.py:32] >> @@@ exists column '댓글공작' 조현오 전 청장 1심 징역 2년…'법정구속' - 노컷뉴스
[2020-02-14 14:19:20,304][WARNING|app.py:21] >> @@@ start @@@
[2020-02-14 14:19:26,851][WARNING|app.py:30] >> @@@ add column 민주당, 비판 칼럼 쓴 교수·언론사 고발 취하...내부서도 질타 - YTN
[2020-02-14 14:19:26,858][WARNING|app.py:30] >> @@@ add column 재판부 논리대로면, '재판개입' 사실상 처벌할 길 없다 - 한겨레
[2020-02-14 14:19:26,865][WARNING|app.py:30] >> @@@ add column "손님 적어 편하겠다"던 정세균, 다음날 "농담입니다" - 중앙일보 - 중앙일보
[2020-02-14 14:19:26,867][WARNING|app.py:32] >> @@@ exists column 아산·진천 격리 교민 중 1차 366명 내일 퇴소 모두 음성(종합2보) - 매일경제 - 매일경제
[2020-02-14 14:19:26,869][WARNING|app.py:32] >> @@@ exists column [종합] '프듀'→'아이돌학교'도 제작진 구속영장…Mnet "수사 적극 협조" - 조선일보
[2020-02-14 14:19:26,873][WARNING|app.py:32] >> @@@ exists column '3당 합당' 민주통합당 17일 출범…손학규·최경환·정동영 대표 - 중앙일보 - 중앙일보
[2020-02-14 14:19:26,884][WARNING|app.py:30] >> @@@ add column [자막뉴스] 이재용 추정 남성과 간호조무사 대화 내용 보니... / YTN - YTN NEWS
[2020-02-14 14:19:26,884][WARNING|app.py:32] >> @@@ exists column [‘코로나19’ 확산]개강 앞둔 대학가·지자체, 중국 유학생들을 어쩌나 - 경향신문
[2020-02-14 14:19:26,884][WARNING|app.py:32] >> @@@ exists column "'트랜스 여성'은 여성 아니다"···급진적 여성주의자 '터프'들은 누구인가 - 경향신문
[2020-02-14 14:19:26,885][WARNING|app.py:32] >> @@@ exists column [속보]'댓글공작' 조현오 전 경찰청장 1심 징역 2년 선고 - 한겨레
[2020-02-14 14:29:20,303][WARNING|app.py:21] >> @@@ start @@@
[2020-02-14 14:29:28,861][WARNING|app.py:30] >> @@@ add column 양승태와 같은 재판개입 혐의···임성근 판사 1심서 무죄 - 중앙일보 - 중앙일보
[2020-02-14 14:29:28,907][WARNING|app.py:30] >> @@@ add column 정세균 총리 "손님이 적어 편하시겠네요?" 발언 논란 - YTN
[2020-02-14 14:29:28,912][WARNING|app.py:32] >> @@@ exists column 아산·진천 격리 교민 중 1차 366명 내일 퇴소 모두 음성(종합2보) - 매일경제 - 매일경제
[2020-02-14 14:29:28,913][WARNING|app.py:32] >> @@@ exists column '3당 합당' 민주통합당 17일 출범…손학규·최경환·정동영 대표 - 중앙일보 - 중앙일보
[2020-02-14 14:29:28,914][WARNING|app.py:32] >> @@@ exists column “우한폐렴 막아라” 中 광저우 ‘외식 금지령’, 지방 성들 사유재산 징발령까지 - 뉴스플러스
[2020-02-14 14:29:28,915][WARNING|app.py:32] >> @@@ exists column "7일뒤 기숙사 나가라" 中유학생 격리 두고 난감한 대학가 - 중앙일보 - 중앙일보
[2020-02-14 14:29:28,916][WARNING|app.py:32] >> @@@ exists column [자막뉴스] 이재용 추정 남성과 간호조무사 대화 내용 보니... / YTN - YTN NEWS
[2020-02-14 14:29:28,917][WARNING|app.py:32] >> @@@ exists column 安캠프출신 공개에 신상털리는 임교수…檢고발 취하 후폭풍 - 매일경제 - 매일경제
[2020-02-14 14:29:28,917][WARNING|app.py:32] >> @@@ exists column "'트랜스 여성'은 여성 아니다"···급진적 여성주의자 '터프'들은 누구인가 - 경향신문
[2020-02-14 14:29:28,925][WARNING|app.py:32] >> @@@ exists column [속보]'댓글공작' 조현오 전 경찰청장 1심 징역 2년 선고 - 한겨레
[2020-02-14 14:39:20,296][WARNING|app.py:21] >> @@@ start @@@
[2020-02-14 14:39:26,163][WARNING|app.py:30] >> @@@ add column 검찰 "치외법권적 판결"…'양승태 공소장' 무너지나 - SBS 뉴스
[2020-02-14 14:39:26,165][WARNING|app.py:32] >> @@@ exists column 정세균 총리 "손님이 적어 편하시겠네요?" 발언 논란 - YTN
[2020-02-14 14:39:26,168][WARNING|app.py:32] >> @@@ exists column [종합] '프듀'→'아이돌학교'도 제작진 구속영장…Mnet "수사 적극 협조" - 조선일보
[2020-02-14 14:39:26,169][WARNING|app.py:32] >> @@@ exists column “우한폐렴 막아라” 中 광저우 ‘외식 금지령’ - 뉴스플러스
[2020-02-14 14:39:26,170][WARNING|app.py:32] >> @@@ exists column '3당 합당' 민주통합당 17일 출범…손학규·최경환·정동영 대표 - 중앙일보 - 중앙일보
[2020-02-14 14:39:26,181][WARNING|app.py:30] >> @@@ add column 임미리 교수 '예상은 했지만 신상 털려…인생 치열하게 산 것 자부' - 부산일보
[2020-02-14 14:39:26,182][WARNING|app.py:32] >> @@@ exists column 조선일보 ‘이재용 프로포폴’ 지면엔 없고, 온라인은 삭제 흔적 - 미디어오늘
[2020-02-14 14:39:26,183][WARNING|app.py:32] >> @@@ exists column "7일뒤 기숙사 나가라" 中유학생 격리 두고 난감한 대학가 - 중앙일보 - 중앙일보
[2020-02-14 14:39:26,184][WARNING|app.py:32] >> @@@ exists column [속보]'댓글공작' 조현오 전 경찰청장 1심 징역 2년 선고 - 한겨레
[2020-02-14 14:39:26,185][WARNING|app.py:32] >> @@@ exists column [속보] '국정농단' 최서원, 파기환송심서 징역 18년 선고 - 한겨레
[2020-02-14 15:23:03,317][WARNING|app.py:21] >> @@@ start @@@
[2020-02-14 15:23:10,786][WARNING|app.py:32] >> @@@ exists column 재판부 논리대로면, '재판개입' 사실상 처벌할 길 없다 - 한겨레
[2020-02-14 15:23:10,786][WARNING|app.py:32] >> @@@ exists column 정세균 총리 "손님이 적어 편하시겠네요?" 발언 논란 - YTN
[2020-02-14 15:23:10,787][WARNING|app.py:32] >> @@@ exists column 아이돌학교도 투표 조작 정황…제작진 2명 구속영장 / SBS - SBS 뉴스
[2020-02-14 15:23:10,788][WARNING|app.py:32] >> @@@ exists column “우한폐렴 막아라” 中 광저우 ‘외식 금지령’ - 뉴스플러스
[2020-02-14 15:23:10,788][WARNING|app.py:32] >> @@@ exists column "7일뒤 기숙사 나가라" 中유학생 격리 두고 난감한 대학가 - 중앙일보 - 중앙일보
[2020-02-14 15:23:10,789][WARNING|app.py:32] >> @@@ exists column 임미리 교수 '예상은 했지만 신상 털려…인생 치열하게 산 것 자부' - 부산일보
[2020-02-14 15:23:10,790][WARNING|app.py:32] >> @@@ exists column 조선일보 ‘이재용 프로포폴’ 지면엔 없고, 온라인은 삭제 흔적 - 미디어오늘
[2020-02-14 15:23:10,791][WARNING|app.py:32] >> @@@ exists column [속보]'댓글공작' 조현오 전 경찰청장 1심 징역 2년 선고 - 한겨레
[2020-02-14 15:23:10,796][WARNING|app.py:30] >> @@@ add column '박근혜 비선실세' 최서원, 파기환송심 징역 18년, 형량 2년 줄었다 - 서울경제 - 서울경제
[2020-02-14 15:23:10,802][WARNING|app.py:30] >> @@@ add column 추미애, '전국 검사장 회의' 직접 주재...윤석열 불참 - YTN
[2020-02-14 15:33:10,842][WARNING|app.py:21] >> @@@ start @@@
[2020-02-14 15:33:17,177][WARNING|app.py:32] >> @@@ exists column 재판부 논리대로면, '재판개입' 사실상 처벌할 길 없다 - 한겨레
[2020-02-14 15:33:17,178][WARNING|app.py:32] >> @@@ exists column 정세균 총리 "손님이 적어 편하시겠네요?" 발언 논란 - YTN
[2020-02-14 15:33:17,185][WARNING|app.py:30] >> @@@ add column 코로나19 대응 위해 광저우·선전, ‘사유재산 징발령’ 내려 - 서울경제 - 서울경제신문
[2020-02-14 15:33:17,187][WARNING|app.py:32] >> @@@ exists column 아이돌학교도 투표 조작 정황…제작진 2명 구속영장 / SBS - SBS 뉴스
[2020-02-14 15:33:17,188][WARNING|app.py:32] >> @@@ exists column "7일뒤 기숙사 나가라" 中유학생 격리 두고 난감한 대학가 - 중앙일보 - 중앙일보
[2020-02-14 15:33:17,188][WARNING|app.py:32] >> @@@ exists column 임미리 교수 '예상은 했지만 신상 털려…인생 치열하게 산 것 자부' - 부산일보
[2020-02-14 15:33:17,189][WARNING|app.py:32] >> @@@ exists column 이재용 '프로포폴 투약 의혹', 원장-간호조무사 녹취록 공개 - 한겨레
[2020-02-14 15:33:17,189][WARNING|app.py:32] >> @@@ exists column [속보]'댓글공작' 조현오 전 경찰청장 1심 징역 2년 선고 - 한겨레
[2020-02-14 15:33:17,190][WARNING|app.py:32] >> @@@ exists column [속보]‘비선실세’ 최서원, 파기환송심에서 징역 18년·벌금 200억원 선고 - 뉴스플러스
[2020-02-14 15:33:17,197][WARNING|app.py:30] >> @@@ add column 3억짜리 이적 미래한국, 정운천 합류로 보조금 5억 넘게 확보 - 매일경제 - 매일경제
[2020-02-14 15:43:10,842][WARNING|app.py:21] >> @@@ start @@@
[2020-02-14 15:43:17,669][WARNING|app.py:30] >> @@@ add column `재판개입 혐의` 임성근 부장판사 무죄 - 매일경제 - 매일경제
[2020-02-14 15:43:17,672][WARNING|app.py:32] >> @@@ exists column 정세균 총리 "손님이 적어 편하시겠네요?" 발언 논란 - YTN
[2020-02-14 15:43:17,672][WARNING|app.py:32] >> @@@ exists column “우한폐렴 막아라” 中 광저우 ‘외식 금지령’, 지방 성들 사유재산 징발령까지 - 조선일보
[2020-02-14 15:43:17,673][WARNING|app.py:32] >> @@@ exists column 아이돌학교도 투표 조작 정황…제작진 2명 구속영장 / SBS - SBS 뉴스
[2020-02-14 15:43:17,675][WARNING|app.py:32] >> @@@ exists column "7일뒤 기숙사 나가라" 中유학생 격리 두고 난감한 대학가 - 중앙일보 - 중앙일보
[2020-02-14 15:43:17,676][WARNING|app.py:32] >> @@@ exists column 임미리 교수 '예상은 했지만 신상 털려…인생 치열하게 산 것 자부' - 부산일보
[2020-02-14 15:43:17,678][WARNING|app.py:32] >> @@@ exists column 조선일보 ‘이재용 프로포폴’ 지면엔 없고, 온라인은 삭제 흔적 - 미디어오늘
[2020-02-14 15:43:17,679][WARNING|app.py:32] >> @@@ exists column [속보]'댓글공작' 조현오 전 경찰청장 1심 징역 2년 선고 - 한겨레
[2020-02-14 15:43:17,689][WARNING|app.py:30] >> @@@ add column '국정농단' 비선실세 최서원, 파기환송심서 '징역18년' - 노컷뉴스
[2020-02-14 15:43:17,692][WARNING|app.py:32] >> @@@ exists column 추미애, '전국 검사장 회의' 직접 주재...윤석열 불참 - YTN
[2020-02-14 15:53:10,897][WARNING|app.py:21] >> @@@ start @@@
[2020-02-14 15:53:18,222][WARNING|app.py:32] >> @@@ exists column 검찰 "치외법권적 판결"…'양승태 공소장' 무너지나 - SBS 뉴스
[2020-02-14 15:53:18,223][WARNING|app.py:32] >> @@@ exists column 정세균 총리 "손님이 적어 편하시겠네요?" 발언 논란 - YTN
[2020-02-14 15:53:18,224][WARNING|app.py:32] >> @@@ exists column “우한폐렴 막아라” 中 광저우 ‘외식 금지령’ - 뉴스플러스
[2020-02-14 15:53:18,225][WARNING|app.py:32] >> @@@ exists column "7일뒤 기숙사 나가라" 中유학생 격리 두고 난감한 대학가 - 중앙일보 - 중앙일보
[2020-02-14 15:53:18,229][WARNING|app.py:32] >> @@@ exists column 임미리 교수 '예상은 했지만 신상 털려…인생 치열하게 산 것 자부' - 부산일보
[2020-02-14 15:53:18,239][WARNING|app.py:30] >> @@@ add column 파기환송심서 징역 18년 받은 최순실 “말 추징 부분은 억울” - 중앙일보 - 중앙일보 모바일
[2020-02-14 15:53:18,240][WARNING|app.py:32] >> @@@ exists column 조선일보 ‘이재용 프로포폴’ 지면엔 없고, 온라인은 삭제 흔적 - 미디어오늘
[2020-02-14 15:53:18,243][WARNING|app.py:32] >> @@@ exists column [속보]'댓글공작' 조현오 전 경찰청장 1심 징역 2년 선고 - 한겨레
[2020-02-14 15:53:18,249][WARNING|app.py:30] >> @@@ add column 검사들, 秋 검사장 회의에 "취지 공감" "정치적 영향 우려" - 뉴스1
[2020-02-14 15:53:18,249][WARNING|app.py:32] >> @@@ exists column 3억짜리 이적 미래한국, 정운천 합류로 보조금 5억 넘게 확보 - 매일경제 - 매일경제
[2020-02-14 16:03:10,847][WARNING|app.py:21] >> @@@ start @@@
[2020-02-14 16:03:16,424][WARNING|app.py:32] >> @@@ exists column ‘사법농단’ 연루 판사 또 무죄…1심 “비밀 누설 아냐” - 경향신문
[2020-02-14 16:03:16,426][WARNING|app.py:32] >> @@@ exists column 정세균 총리 "손님이 적어 편하시겠네요?" 발언 논란 - YTN
[2020-02-14 16:03:16,427][WARNING|app.py:32] >> @@@ exists column “우한폐렴 막아라” 中 광저우 ‘외식 금지령’ - 뉴스플러스
[2020-02-14 16:03:16,428][WARNING|app.py:32] >> @@@ exists column "7일뒤 기숙사 나가라" 中유학생 격리 두고 난감한 대학가 - 중앙일보 - 중앙일보
[2020-02-14 16:03:16,429][WARNING|app.py:32] >> @@@ exists column 임미리 교수 '예상은 했지만 신상 털려…인생 치열하게 산 것 자부' - 부산일보
[2020-02-14 16:03:16,436][WARNING|app.py:30] >> @@@ add column 'MB정부 댓글 여론공작' 조현오 1심 징역 2년... 법정구속 - 오마이뉴스
[2020-02-14 16:03:16,439][WARNING|app.py:32] >> @@@ exists column 조선일보 ‘이재용 프로포폴’ 지면엔 없고, 온라인은 삭제 흔적 - 미디어오늘
[2020-02-14 16:03:16,449][WARNING|app.py:32] >> @@@ exists column [속보]‘비선실세’ 최서원, 파기환송심에서 징역 18년·벌금 200억원 선고 - 뉴스플러스
[2020-02-14 16:03:16,454][WARNING|app.py:32] >> @@@ exists column 추미애, 21일 검사장 회의 열어…윤석열 불참 : 사회일반 : 사회 : 뉴스 - 한겨레
[2020-02-14 16:03:16,459][WARNING|app.py:32] >> @@@ exists column 3억짜리 이적 미래한국, 정운천 합류로 보조금 5억 넘게 확보 - 매일경제 - 매일경제
[2020-02-14 16:13:10,849][WARNING|app.py:21] >> @@@ start @@@
[2020-02-14 16:13:20,237][WARNING|app.py:32] >> @@@ exists column 재판부 논리대로면, '재판개입' 사실상 처벌할 길 없다 - 한겨레
[2020-02-14 16:13:20,238][WARNING|app.py:32] >> @@@ exists column “우한폐렴 막아라” 中 광저우 ‘외식 금지령’ - 뉴스플러스
[2020-02-14 16:13:20,239][WARNING|app.py:32] >> @@@ exists column "7일뒤 기숙사 나가라" 中유학생 격리 두고 난감한 대학가 - 중앙일보 - 중앙일보
[2020-02-14 16:13:20,240][WARNING|app.py:32] >> @@@ exists column 임미리 교수 '예상은 했지만 신상 털려…인생 치열하게 산 것 자부' - 부산일보
[2020-02-14 16:13:20,248][WARNING|app.py:30] >> @@@ add column 중국 '코로나19' 사망 121명·확진 5천 명 증가, 통계 '갈팡질팡' - 오마이뉴스
[2020-02-14 16:13:20,254][WARNING|app.py:30] >> @@@ add column 파기환송심서 징역 18년 받은 최순실 “말 추징 부분은 억울” - 중앙일보 - 중앙일보
[2020-02-14 16:13:20,255][WARNING|app.py:32] >> @@@ exists column [자막뉴스] 이재용 추정 남성과 간호조무사 대화 내용 보니... / YTN - YTN NEWS
[2020-02-14 16:13:20,256][WARNING|app.py:32] >> @@@ exists column [속보]'댓글공작' 조현오 전 경찰청장 1심 징역 2년 선고 - 한겨레
[2020-02-14 16:13:20,257][WARNING|app.py:32] >> @@@ exists column 검사들, 秋 검사장 회의에 "취지 공감" "정치적 영향 우려" - 뉴스1
[2020-02-14 16:13:20,263][WARNING|app.py:30] >> @@@ add column ‘호남 보수’ 정운천, 새보수당 떠나 미래한국당으로 이적 - 동아일보
[2020-02-14 16:23:10,889][WARNING|app.py:21] >> @@@ start @@@
[2020-02-14 16:23:18,466][WARNING|app.py:32] >> @@@ exists column 재판부 논리대로면, '재판개입' 사실상 처벌할 길 없다 - 한겨레
[2020-02-14 16:23:18,468][WARNING|app.py:32] >> @@@ exists column "손님 적어 편하겠다"던 정세균, 다음날 "농담입니다" - 중앙일보 - 중앙일보
[2020-02-14 16:23:18,471][WARNING|app.py:32] >> @@@ exists column “우한폐렴 막아라” 中 광저우 ‘외식 금지령’, 지방 성들 사유재산 징발령까지 - 뉴스플러스
[2020-02-14 16:23:18,473][WARNING|app.py:32] >> @@@ exists column "7일뒤 기숙사 나가라" 中유학생 격리 두고 난감한 대학가 - 중앙일보 - 중앙일보
[2020-02-14 16:23:18,474][WARNING|app.py:32] >> @@@ exists column 민주당, 비판 칼럼 쓴 교수·언론사 고발 취하...내부서도 질타 - YTN
[2020-02-14 16:23:18,476][WARNING|app.py:32] >> @@@ exists column 파기환송심서 징역 18년 받은 최순실 “말 추징 부분은 억울” - 중앙일보 - 중앙일보
[2020-02-14 16:23:18,480][WARNING|app.py:32] >> @@@ exists column [자막뉴스] 이재용 추정 남성과 간호조무사 대화 내용 보니... / YTN - YTN NEWS
[2020-02-14 16:23:18,480][WARNING|app.py:32] >> @@@ exists column [속보]'댓글공작' 조현오 전 경찰청장 1심 징역 2년 선고 - 한겨레
[2020-02-14 16:23:18,481][WARNING|app.py:32] >> @@@ exists column 검사들, 秋 검사장 회의에 "취지 공감" "정치적 영향 우려" - 뉴스1
[2020-02-14 16:23:18,483][WARNING|app.py:32] >> @@@ exists column ‘호남 보수’ 정운천, 새보수당 떠나 미래한국당으로 이적 - 동아일보
[2020-02-14 16:33:10,865][WARNING|app.py:21] >> @@@ start @@@
[2020-02-14 16:33:17,826][WARNING|app.py:32] >> @@@ exists column 검찰 "치외법권적 판결"…'양승태 공소장' 무너지나 - SBS 뉴스
[2020-02-14 16:33:17,827][WARNING|app.py:32] >> @@@ exists column "손님 적어 편하겠다"던 정세균, 다음날 "농담입니다" - 중앙일보 - 중앙일보
[2020-02-14 16:33:17,828][WARNING|app.py:32] >> @@@ exists column “우한폐렴 막아라” 中 광저우 ‘외식 금지령’, 지방 성들 사유재산 징발령까지 - 뉴스플러스
[2020-02-14 16:33:17,835][WARNING|app.py:30] >> @@@ add column 언론중재위 “임미리 교수 칼럼, 선거법상 공정보도의무 위반” - 한겨레
[2020-02-14 16:33:17,837][WARNING|app.py:32] >> @@@ exists column 파기환송심서 징역 18년 받은 최순실 “말 추징 부분은 억울” - 중앙일보 - 중앙일보
[2020-02-14 16:33:17,839][WARNING|app.py:32] >> @@@ exists column 추미애, '전국 검사장 회의' 직접 주재...윤석열 불참 - YTN
[2020-02-14 16:33:17,846][WARNING|app.py:30] >> @@@ add column "7일뒤 기숙사 나가라" 中유학생 격리 두고 난감한 대학가 - 중앙일보 - 중앙일보 모바일
[2020-02-14 16:33:17,848][WARNING|app.py:32] >> @@@ exists column 조선일보 ‘이재용 프로포폴’ 지면엔 없고, 온라인은 삭제 흔적 - 미디어오늘
[2020-02-14 16:33:17,850][WARNING|app.py:32] >> @@@ exists column [속보]'댓글공작' 조현오 전 경찰청장 1심 징역 2년 선고 - 한겨레
[2020-02-14 16:33:17,858][WARNING|app.py:30] >> @@@ add column 한국당, '5·18 망언' 이종명 제명…민경욱 SNS 논란 / SBS - SBS 뉴스
[2020-02-14 16:43:10,848][WARNING|app.py:21] >> @@@ start @@@
[2020-02-14 16:43:18,406][WARNING|app.py:32] >> @@@ exists column 검찰 "치외법권적 판결"…'양승태 공소장' 무너지나 - SBS 뉴스
[2020-02-14 16:43:18,432][WARNING|app.py:30] >> @@@ add column 정세균 총리 '왜곡되어 전달된 발언, 심려 끼쳐 죄송' - 부산일보
[2020-02-14 16:43:18,433][WARNING|app.py:32] >> @@@ exists column “우한폐렴 막아라” 中 광저우 ‘외식 금지령’, 지방 성들 사유재산 징발령까지 - 조선일보
[2020-02-14 16:43:18,449][WARNING|app.py:30] >> @@@ add column ‘민주당만 빼고’ 칼럼에 무리수 대응…민심만 빼앗길 판 - 중앙일보 - 중앙일보
[2020-02-14 16:43:18,451][WARNING|app.py:32] >> @@@ exists column 파기환송심서 징역 18년 받은 최순실 “말 추징 부분은 억울” - 중앙일보 - 중앙일보
[2020-02-14 16:43:18,453][WARNING|app.py:32] >> @@@ exists column 추미애, '전국 검사장 회의' 직접 주재...윤석열 불참 - YTN
[2020-02-14 16:43:18,453][WARNING|app.py:32] >> @@@ exists column 조선일보 ‘이재용 프로포폴’ 지면엔 없고, 온라인은 삭제 흔적 - 미디어오늘
[2020-02-14 16:43:18,454][WARNING|app.py:32] >> @@@ exists column ‘호남 보수’ 정운천, 새보수당 떠나 미래한국당으로 이적 - 동아일보
[2020-02-14 16:43:18,460][WARNING|app.py:30] >> @@@ add column 원희룡 정당활동 범위 미래통합당 최고위원 역할 할 것 - 매일경제 - 매일경제
[2020-02-14 16:43:18,468][WARNING|app.py:30] >> @@@ add column [날씨] 주말까지 초미세먼지...휴일, 눈과 강추위 온다 - YTN
[2020-02-14 16:53:10,850][WARNING|app.py:21] >> @@@ start @@@
[2020-02-14 16:53:16,937][WARNING|app.py:32] >> @@@ exists column 검찰 "치외법권적 판결"…'양승태 공소장' 무너지나 - SBS 뉴스
[2020-02-14 16:53:16,938][WARNING|app.py:32] >> @@@ exists column 정세균 총리 "손님이 적어 편하시겠네요?" 발언 논란 - YTN
[2020-02-14 16:53:16,940][WARNING|app.py:32] >> @@@ exists column “우한폐렴 막아라” 中 광저우 ‘외식 금지령’ - 뉴스플러스
[2020-02-14 16:53:16,941][WARNING|app.py:32] >> @@@ exists column "7일뒤 기숙사 나가라" 中유학생 격리 두고 난감한 대학가 - 중앙일보 - 중앙일보
[2020-02-14 16:53:16,947][WARNING|app.py:30] >> @@@ add column [사설] 민주당, '비판칼럼 고발 소동' 자성하고 사과해야 - 한겨레
[2020-02-14 16:53:16,948][WARNING|app.py:32] >> @@@ exists column 파기환송심서 징역 18년 받은 최순실 “말 추징 부분은 억울” - 중앙일보 - 중앙일보
[2020-02-14 16:53:16,949][WARNING|app.py:32] >> @@@ exists column 조선일보 ‘이재용 프로포폴’ 지면엔 없고, 온라인은 삭제 흔적 - 미디어오늘
[2020-02-14 16:53:16,950][WARNING|app.py:32] >> @@@ exists column [속보]'댓글공작' 조현오 전 경찰청장 1심 징역 2년 선고 - 한겨레
[2020-02-14 16:53:16,951][WARNING|app.py:32] >> @@@ exists column 추미애, '전국 검사장 회의' 직접 주재...윤석열 불참 - YTN
[2020-02-14 16:53:16,952][WARNING|app.py:32] >> @@@ exists column ‘호남 보수’ 정운천, 새보수당 떠나 미래한국당으로 이적 - 동아일보
[2020-02-14 17:03:10,848][WARNING|app.py:21] >> @@@ start @@@
[2020-02-14 17:03:17,770][WARNING|app.py:32] >> @@@ exists column ‘민주당만 빼고’ 칼럼에 무리수 대응…민심만 빼앗길 판 - 중앙일보 - 중앙일보
[2020-02-14 17:03:17,773][WARNING|app.py:32] >> @@@ exists column 재판부 논리대로면, '재판개입' 사실상 처벌할 길 없다 - 한겨레
[2020-02-14 17:03:17,775][WARNING|app.py:32] >> @@@ exists column 정세균 총리 "손님이 적어 편하시겠네요?" 발언 논란 - YTN
[2020-02-14 17:03:17,777][WARNING|app.py:32] >> @@@ exists column “우한폐렴 막아라” 中 광저우 ‘외식 금지령’, 지방 성들 사유재산 징발령까지 - 조선일보
[2020-02-14 17:03:17,779][WARNING|app.py:32] >> @@@ exists column "7일뒤 기숙사 나가라" 中유학생 격리 두고 난감한 대학가 - 중앙일보 - 중앙일보
[2020-02-14 17:03:17,780][WARNING|app.py:32] >> @@@ exists column 파기환송심서 징역 18년 받은 최순실 “말 추징 부분은 억울” - 중앙일보 - 중앙일보
[2020-02-14 17:03:17,782][WARNING|app.py:32] >> @@@ exists column 조선일보 ‘이재용 프로포폴’ 지면엔 없고, 온라인은 삭제 흔적 - 미디어오늘
[2020-02-14 17:03:17,803][WARNING|app.py:30] >> @@@ add column 법무부, '수사·기소 분리' 전국 검사장 소집…윤석열 불참 - 서울경제 - 서울경제
[2020-02-14 17:03:17,805][WARNING|app.py:32] >> @@@ exists column ‘호남 보수’ 정운천, 새보수당 떠나 미래한국당으로 이적 - 동아일보
[2020-02-14 17:03:17,806][WARNING|app.py:32] >> @@@ exists column 원희룡 정당활동 범위 미래통합당 최고위원 역할 할 것 - 매일경제 - 매일경제
[2020-02-14 17:13:10,848][WARNING|app.py:21] >> @@@ start @@@
[2020-02-14 17:13:18,084][WARNING|app.py:32] >> @@@ exists column ‘민주당만 빼고’ 칼럼에 무리수 대응…민심만 빼앗길 판 - 중앙일보 - 중앙일보
[2020-02-14 17:13:18,087][WARNING|app.py:32] >> @@@ exists column 검찰 "치외법권적 판결"…'양승태 공소장' 무너지나 - SBS 뉴스
[2020-02-14 17:13:18,089][WARNING|app.py:32] >> @@@ exists column 정세균 총리 "손님이 적어 편하시겠네요?" 발언 논란 - YTN
[2020-02-14 17:13:18,090][WARNING|app.py:32] >> @@@ exists column “우한폐렴 막아라” 中 광저우 ‘외식 금지령’ - 뉴스플러스
[2020-02-14 17:13:18,092][WARNING|app.py:32] >> @@@ exists column "7일뒤 기숙사 나가라" 中유학생 격리 두고 난감한 대학가 - 중앙일보 - 중앙일보
[2020-02-14 17:13:18,093][WARNING|app.py:32] >> @@@ exists column 파기환송심서 징역 18년 받은 최순실 “말 추징 부분은 억울” - 중앙일보 - 중앙일보
[2020-02-14 17:13:18,094][WARNING|app.py:32] >> @@@ exists column 이재용 '프로포폴 투약 의혹', 원장-간호조무사 녹취록 공개 - 한겨레
[2020-02-14 17:13:18,095][WARNING|app.py:32] >> @@@ exists column 검사들, 秋 검사장 회의에 "취지 공감" "정치적 영향 우려" - 뉴스1
[2020-02-14 17:13:18,104][WARNING|app.py:30] >> @@@ add column 새보수 정운천, 미래한국당으로 이적… 국고보조금 3억 늘렸다 - 조선일보
[2020-02-14 17:13:18,113][WARNING|app.py:30] >> @@@ add column ‘미래통합당’ 새 최고위원에 원희룡·이준석 등 4명 합의 - 동아일보
[2020-02-14 17:23:10,841][WARNING|app.py:21] >> @@@ start @@@
[2020-02-14 17:23:16,855][WARNING|app.py:30] >> @@@ add column 친여 지식인들 "독재의 통치술"… 與내부도 "교만은 패망의 선봉" - 조선일보
[2020-02-14 17:23:16,858][WARNING|app.py:32] >> @@@ exists column 재판부 논리대로면, '재판개입' 사실상 처벌할 길 없다 - 한겨레
[2020-02-14 17:23:16,859][WARNING|app.py:32] >> @@@ exists column 정세균 총리 "손님이 적어 편하시겠네요?" 발언 논란 - YTN
[2020-02-14 17:23:16,859][WARNING|app.py:32] >> @@@ exists column “우한폐렴 막아라” 中 광저우 ‘외식 금지령’ - 뉴스플러스
[2020-02-14 17:23:16,860][WARNING|app.py:32] >> @@@ exists column "7일뒤 기숙사 나가라" 中유학생 격리 두고 난감한 대학가 - 중앙일보 - 중앙일보
[2020-02-14 17:23:16,861][WARNING|app.py:32] >> @@@ exists column 파기환송심서 징역 18년 받은 최순실 “말 추징 부분은 억울” - 중앙일보 - 중앙일보
[2020-02-14 17:23:16,861][WARNING|app.py:32] >> @@@ exists column 이재용 '프로포폴 투약 의혹', 원장-간호조무사 녹취록 공개 - 한겨레
[2020-02-14 17:23:16,862][WARNING|app.py:32] >> @@@ exists column 법무부, '수사·기소 분리' 전국 검사장 소집…윤석열 불참 - 서울경제 - 서울경제
[2020-02-14 17:23:16,863][WARNING|app.py:32] >> @@@ exists column ‘호남 보수’ 정운천, 새보수당 떠나 미래한국당으로 이적 - 동아일보
[2020-02-14 17:23:16,872][WARNING|app.py:30] >> @@@ add column 황교안·유승민 만남 없이 종착역 도착 앞둔 보수통합… 공천 지분 싸움 피한 덕분? - 조선일보
[2020-02-14 17:33:10,872][WARNING|app.py:21] >> @@@ start @@@
[2020-02-14 17:33:18,357][WARNING|app.py:32] >> @@@ exists column 친여 지식인들 "독재의 통치술"… 與내부도 "교만은 패망의 선봉" - 조선일보
[2020-02-14 17:33:18,363][WARNING|app.py:32] >> @@@ exists column 정세균 총리 "손님이 적어 편하시겠네요?" 발언 논란 - YTN
[2020-02-14 17:33:18,367][WARNING|app.py:32] >> @@@ exists column “우한폐렴 막아라” 中 광저우 ‘외식 금지령’ - 뉴스플러스
[2020-02-14 17:33:18,369][WARNING|app.py:32] >> @@@ exists column "7일뒤 기숙사 나가라" 中유학생 격리 두고 난감한 대학가 - 중앙일보 - 중앙일보
[2020-02-14 17:33:18,371][WARNING|app.py:32] >> @@@ exists column 재판부 논리대로면, '재판개입' 사실상 처벌할 길 없다 - 한겨레
[2020-02-14 17:33:18,374][WARNING|app.py:32] >> @@@ exists column 파기환송심서 징역 18년 받은 최순실 “말 추징 부분은 억울” - 중앙일보 - 중앙일보
[2020-02-14 17:33:18,377][WARNING|app.py:32] >> @@@ exists column 이재용 '프로포폴' 투약 의혹...SNS 대화 내용 보니? - YTN
[2020-02-14 17:33:18,380][WARNING|app.py:32] >> @@@ exists column 법무부, '수사·기소 분리' 전국 검사장 소집…윤석열 불참 - 서울경제 - 서울경제
[2020-02-14 17:33:18,382][WARNING|app.py:32] >> @@@ exists column ‘호남 보수’ 정운천, 새보수당 떠나 미래한국당으로 이적 - 동아일보
[2020-02-14 17:33:18,385][WARNING|app.py:32] >> @@@ exists column 원희룡 정당활동 범위 미래통합당 최고위원 역할 할 것 - 매일경제 - 매일경제
[2020-02-14 17:43:10,852][WARNING|app.py:21] >> @@@ start @@@
[2020-02-14 17:43:16,915][WARNING|app.py:32] >> @@@ exists column 친여 지식인들 "독재의 통치술"… 與내부도 "교만은 패망의 선봉" - 조선일보
[2020-02-14 17:43:16,916][WARNING|app.py:32] >> @@@ exists column 정세균 총리 "손님이 적어 편하시겠네요?" 발언 논란 - YTN
[2020-02-14 17:43:16,917][WARNING|app.py:32] >> @@@ exists column “우한폐렴 막아라” 中 광저우 ‘외식 금지령’, 지방 성들 사유재산 징발령까지 - 조선일보
[2020-02-14 17:43:16,918][WARNING|app.py:32] >> @@@ exists column "7일뒤 기숙사 나가라" 中유학생 격리 두고 난감한 대학가 - 중앙일보 - 중앙일보
[2020-02-14 17:43:16,918][WARNING|app.py:32] >> @@@ exists column 재판부 논리대로면, '재판개입' 사실상 처벌할 길 없다 - 한겨레
[2020-02-14 17:43:16,919][WARNING|app.py:32] >> @@@ exists column 중국 '코로나19' 사망 121명·확진 5천 명 증가, 통계 '갈팡질팡' - 오마이뉴스
[2020-02-14 17:43:16,920][WARNING|app.py:32] >> @@@ exists column 이재용 '프로포폴' 투약 의혹...SNS 대화 내용 보니? - YTN
[2020-02-14 17:43:16,921][WARNING|app.py:32] >> @@@ exists column '국정농단' 비선실세 최서원, 파기환송심서 '징역18년' - 노컷뉴스
[2020-02-14 17:43:16,921][WARNING|app.py:32] >> @@@ exists column 법무부, '수사·기소 분리' 전국 검사장 소집…윤석열 불참 - 서울경제 - 서울경제
[2020-02-14 17:43:16,922][WARNING|app.py:32] >> @@@ exists column ‘호남 보수’ 정운천, 새보수당 떠나 미래한국당으로 이적 - 동아일보
[2020-02-14 17:53:10,841][WARNING|app.py:21] >> @@@ start @@@
[2020-02-14 17:53:18,344][WARNING|app.py:32] >> @@@ exists column 친여 지식인들 "독재의 통치술"… 與내부도 "교만은 패망의 선봉" - 조선일보
[2020-02-14 17:53:18,346][WARNING|app.py:32] >> @@@ exists column 정세균 총리 "손님이 적어 편하시겠네요?" 발언 논란 - YTN
[2020-02-14 17:53:18,347][WARNING|app.py:32] >> @@@ exists column “우한폐렴 막아라” 中 광저우 ‘외식 금지령’ - 뉴스플러스
[2020-02-14 17:53:18,349][WARNING|app.py:32] >> @@@ exists column "7일뒤 기숙사 나가라" 中유학생 격리 두고 난감한 대학가 - 중앙일보 - 중앙일보
[2020-02-14 17:53:18,350][WARNING|app.py:32] >> @@@ exists column 검찰 "치외법권적 판결"…'양승태 공소장' 무너지나 - SBS 뉴스
[2020-02-14 17:53:18,351][WARNING|app.py:32] >> @@@ exists column 파기환송심서 징역 18년 받은 최순실 “말 추징 부분은 억울” - 중앙일보 - 중앙일보
[2020-02-14 17:53:18,352][WARNING|app.py:32] >> @@@ exists column 조선일보 ‘이재용 프로포폴’ 지면엔 없고, 온라인은 삭제 흔적 - 미디어오늘
[2020-02-14 17:53:18,353][WARNING|app.py:32] >> @@@ exists column 추미애, '전국 검사장 회의' 직접 주재...윤석열 불참 - YTN
[2020-02-14 17:53:18,354][WARNING|app.py:32] >> @@@ exists column ‘호남 보수’ 정운천, 새보수당 떠나 미래한국당으로 이적 - 동아일보
[2020-02-14 17:53:18,356][WARNING|app.py:32] >> @@@ exists column 원희룡 정당활동 범위 미래통합당 최고위원 역할 할 것 - 매일경제 - 매일경제
[2020-02-14 18:03:10,841][WARNING|app.py:21] >> @@@ start @@@
[2020-02-14 18:03:18,838][WARNING|app.py:32] >> @@@ exists column 친여 지식인들 "독재의 통치술"… 與내부도 "교만은 패망의 선봉" - 조선일보
[2020-02-14 18:03:18,839][WARNING|app.py:32] >> @@@ exists column 정세균 총리 "손님이 적어 편하시겠네요?" 발언 논란 - YTN
[2020-02-14 18:03:18,840][WARNING|app.py:32] >> @@@ exists column “우한폐렴 막아라” 中 광저우 ‘외식 금지령’, 지방 성들 사유재산 징발령까지 - 조선일보
[2020-02-14 18:03:18,841][WARNING|app.py:32] >> @@@ exists column "7일뒤 기숙사 나가라" 中유학생 격리 두고 난감한 대학가 - 중앙일보 - 중앙일보
[2020-02-14 18:03:18,842][WARNING|app.py:32] >> @@@ exists column 재판부 논리대로면, '재판개입' 사실상 처벌할 길 없다 - 한겨레
[2020-02-14 18:03:18,843][WARNING|app.py:32] >> @@@ exists column 파기환송심서 징역 18년 받은 최순실 “말 추징 부분은 억울” - 중앙일보 - 중앙일보
[2020-02-14 18:03:18,844][WARNING|app.py:32] >> @@@ exists column 이재용 '프로포폴' 투약 의혹...SNS 대화 내용 보니? - YTN
[2020-02-14 18:03:18,845][WARNING|app.py:32] >> @@@ exists column ‘호남 보수’ 정운천, 새보수당 떠나 미래한국당으로 이적 - 동아일보
[2020-02-14 18:03:18,847][WARNING|app.py:32] >> @@@ exists column 법무부, '수사·기소 분리' 전국 검사장 소집…윤석열 불참 - 서울경제 - 서울경제
[2020-02-14 18:03:18,862][WARNING|app.py:30] >> @@@ add column 원희룡, 미래통합당 최고위원 내정…중앙정치 진입 - 노컷뉴스
